2020-07-03 12:30:16,322  INFO         ...SpringJobs SpringJob: scheduleJobWithDelay
2020-07-03 12:30:16,323  INFO         ...SpringJobs SpringJob: scheduleJobWithFixedRate
2020-07-03 12:30:18,322  INFO         ...SpringJobs SpringJob: scheduleJobWithFixedRate
2020-07-03 12:30:20,323  INFO         ...SpringJobs SpringJob: scheduleJobWithDelay
2020-07-03 12:30:20,324  INFO         ...SpringJobs SpringJob: scheduleJobWithFixedRate
2020-07-03 12:30:22,322  INFO         ...SpringJobs SpringJob: scheduleJobWithFixedRate
2020-07-03 12:30:24,174  INFO  ...QuartzJobListener QuartzJobListener: jobToBeExecuted. Job: QuartzJob, Trigger: QuartzTrigger
2020-07-03 12:30:24,176  INFO  ...QuartzJob Job: QuartzJob
2020-07-03 12:30:24,177  INFO  ...QuartzJobListener QuartzJobListener: jobWasExecuted. Job: QuartzJob, Trigger: QuartzTrigger
2020-07-03 12:30:24,324  INFO         ...SpringJobs SpringJob: scheduleJobWithDelay
2020-07-03 12:30:24,325  INFO         ...SpringJobs SpringJob: scheduleJobWithFixedRate
2020-07-03 12:30:26,322  INFO         ...SpringJobs SpringJob: scheduleJobWithFixedRate
2020-07-03 12:30:28,325  INFO         ...SpringJobs SpringJob: scheduleJobWithDelay
2020-07-03 12:30:28,326  INFO         ...SpringJobs SpringJob: scheduleJobWithFixedRate
2020-07-03 12:30:30,322  INFO         ...SpringJobs SpringJob: scheduleJobWithFixedRate
2020-07-03 12:30:32,327  INFO         ...SpringJobs SpringJob: scheduleJobWithDelay
2020-07-03 12:30:32,327  INFO         ...SpringJobs SpringJob: scheduleJobWithFixedRate
...
2020-07-03 12:31:00,002  INFO  ...QuartzJobListener QuartzJobListener: jobToBeExecuted. Job: QuartzJob, Trigger: CronQuartzTrigger
2020-07-03 12:31:00,002  INFO          ...QuartzJob Job: QuartzJob
2020-07-03 12:31:00,002  INFO  ...QuartzJobListener QuartzJobListener: jobWasExecuted. Job: QuartzJob, Trigger: CronQuartzTrigger
2020-07-03 12:31:00,335  INFO         ...SpringJobs SpringJob: scheduleJobWithDelay
2020-07-03 12:31:00,335  INFO         ...SpringJobs SpringJob: scheduleJobWithCron
2020-07-03 12:31:00,336  INFO         ...SpringJobs SpringJob: scheduleJobWithFixedRate
2020-07-03 12:31:02,322  INFO         ...SpringJobs SpringJob: scheduleJobWithFixedRate
...
2020-07-03 12:32:00,004  INFO  ...QuartzJobListener QuartzJobListener: jobToBeExecuted. Job: QuartzJob, Trigger: CronQuartzTrigger
2020-07-03 12:32:00,004  INFO          ...QuartzJob Job: QuartzJob
2020-07-03 12:32:00,004  INFO  ...QuartzJobListener QuartzJobListener: jobWasExecuted. Job: QuartzJob, Trigger: CronQuartzTrigger
2020-07-03 12:32:00,354  INFO         ...SpringJobs SpringJob: scheduleJobWithDelay
2020-07-03 12:32:00,454  INFO         ...SpringJobs SpringJob: scheduleJobWithCron